<?xml version="1.0" encoding="UTF-8"?>
<testng-results skipped="0" failed="0" total="1" passed="1">
  <reporter-output>
  </reporter-output>
  <suite name="Default suite" duration-ms="82538" started-at="2020-02-21T15:17:54Z" finished-at="2020-02-21T15:19:17Z">
    <groups>
    </groups>
    <test name="Default test" duration-ms="82538" started-at="2020-02-21T15:17:54Z" finished-at="2020-02-21T15:19:17Z">
      <class name="testCases.SysDig_AddUsers">
        <test-method status="PASS" signature="TC_AddUsers()[pri:0, instance:testCases.SysDig_AddUsers@2a2d45ba]" name="TC_AddUsers" duration-ms="82507" started-at="2020-02-21T10:17:54Z" finished-at="2020-02-21T10:19:17Z">
          <reporter-output>
          </reporter-output>
        </test-method> <!-- TC_AddUsers -->
      </class> <!-- testCases.SysDig_AddUsers -->
    </test> <!-- Default test -->
  </suite> <!-- Default suite -->
</testng-results>
